Log file open, 01/05/19 14:07:51
LogWindows: Failed to load 'aqProf.dll' (GetLastError=126)
LogWindows: File 'aqProf.dll' does not exist
LogWindows: Failed to load 'VtuneApi.dll' (GetLastError=126)
LogWindows: File 'VtuneApi.dll' does not exist
LogWindows: Failed to load 'VtuneApi32e.dll' (GetLastError=126)
LogWindows: File 'VtuneApi32e.dll' does not exist
LogConsoleResponse: Display: Failed to find resolution value strings in scalability ini. Falling back to default.
LogInit: Display: Running engine for game: SlimeGame
LogPakFile: Registered encryption key '00000000000000000000000000000000': 0 pak files mounted, 0 remain pending
LogPlatformFile: Not using cached read wrapper
LogTaskGraph: Started task graph with 5 named threads and 23 total threads with 3 sets of task threads.
LogStats: Stats thread started at 0.285009
LogD3D11RHI: Loaded GFSDK_Aftermath_Lib.x64.dll
LogICUInternationalization: ICU TimeZone Detection - Raw Offset: -5:00, Platform Override: ''
LogPluginManager: Mounting plugin Paper2D
LogPluginManager: Mounting plugin AISupport
LogPluginManager: Mounting plugin LightPropagationVolume
LogPluginManager: Mounting plugin ActorLayerUtilities
LogPluginManager: Mounting plugin CLionSourceCodeAccess
LogPluginManager: Mounting plugin CodeLiteSourceCodeAccess
LogPluginManager: Mounting plugin GitSourceControl
LogPluginManager: Mounting plugin KDevelopSourceCodeAccess
LogPluginManager: Mounting plugin NullSourceCodeAccess
LogPluginManager: Mounting plugin PerforceSourceControl
LogPluginManager: Mounting plugin SubversionSourceControl
LogPluginManager: Mounting plugin UObjectPlugin
LogPluginManager: Mounting plugin VisualStudioCodeSourceCodeAccess
LogPluginManager: Mounting plugin VisualStudioSourceCodeAccess
LogPluginManager: Mounting plugin XCodeSourceCodeAccess
LogPluginManager: Mounting plugin AssetManagerEditor
LogPluginManager: Mounting plugin CryptoKeys
LogPluginManager: Mounting plugin DataValidation
LogPluginManager: Mounting plugin FacialAnimation
LogPluginManager: Mounting plugin GameplayTagsEditor
LogPluginManager: Mounting plugin MacGraphicsSwitching
LogPluginManager: Mounting plugin MeshEditor
LogPluginManager: Mounting plugin MobileLauncherProfileWizard
LogPluginManager: Mounting plugin PluginBrowser
LogPluginManager: Mounting plugin SpeedTreeImporter
LogPluginManager: Mounting plugin DatasmithContent
LogPluginManager: Mounting plugin VariantManagerContent
LogPluginManager: Mounting plugin AlembicImporter
LogPluginManager: Mounting plugin AppleImageUtils
LogPluginManager: Mounting plugin AppleVision
LogPluginManager: Mounting plugin BackChannel
LogPluginManager: Mounting plugin CharacterAI
LogPluginManager: Mounting plugin GeometryCache
LogPluginManager: Mounting plugin HTML5Networking
LogPluginManager: Mounting plugin ProxyLODPlugin
LogPluginManager: Mounting plugin MagicLeap
LogPluginManager: Mounting plugin MagicLeapMedia
LogPluginManager: Mounting plugin AndroidMedia
LogPluginManager: Mounting plugin AvfMedia
LogPluginManager: Mounting plugin ImgMedia
LogPluginManager: Mounting plugin LinearTimecode
LogPluginManager: Mounting plugin MediaCompositing
LogPluginManager: Mounting plugin MediaPlayerEditor
LogPluginManager: Mounting plugin WebMMedia
LogPluginManager: Mounting plugin WmfMedia
LogPluginManager: Mounting plugin TcpMessaging
LogPluginManager: Mounting plugin UdpMessaging
LogPluginManager: Mounting plugin ActorSequence
LogPluginManager: Mounting plugin LevelSequenceEditor
LogPluginManager: Mounting plugin MatineeToLevelSequence
LogPluginManager: Mounting plugin NetcodeUnitTest
LogPluginManager: Mounting plugin NUTUnrealEngine4
LogPluginManager: Mounting plugin OnlineSubsystemGooglePlay
LogPluginManager: Mounting plugin OnlineSubsystemIOS
LogPluginManager: Mounting plugin OnlineSubsystem
LogPluginManager: Mounting plugin OnlineSubsystemNull
LogPluginManager: Mounting plugin OnlineSubsystemUtils
LogPluginManager: Mounting plugin LauncherChunkInstaller
LogPluginManager: Mounting plugin AndroidDeviceProfileSelector
LogPluginManager: Mounting plugin AndroidMoviePlayer
LogPluginManager: Mounting plugin AndroidPermission
LogPluginManager: Mounting plugin AppleMoviePlayer
LogPluginManager: Mounting plugin ArchVisCharacter
LogPluginManager: Mounting plugin AudioCapture
LogPluginManager: Mounting plugin CableComponent
LogPluginManager: Mounting plugin CustomMeshComponent
LogPluginManager: Mounting plugin EditableMesh
LogPluginManager: Mounting plugin ExampleDeviceProfileSelector
LogPluginManager: Mounting plugin Firebase
LogPluginManager: Mounting plugin GoogleCloudMessaging
LogPluginManager: Mounting plugin IOSDeviceProfileSelector
LogPluginManager: Mounting plugin LinuxDeviceProfileSelector
LogPluginManager: Mounting plugin LocationServicesBPLibrary
LogPluginManager: Mounting plugin MobilePatchingUtils
LogPluginManager: Mounting plugin OculusVR
LogPluginManager: Mounting plugin PhysXVehicles
LogPluginManager: Mounting plugin ProceduralMeshComponent
LogPluginManager: Mounting plugin RuntimePhysXCooking
LogPluginManager: Mounting plugin SteamVR
LogPluginManager: Mounting plugin WebMMoviePlayer
LogPluginManager: Mounting plugin WindowsMoviePlayer
LogStreaming: Display: Took  0.061s to configure plugins.
LogInit: Using libcurl 7.55.1-DEV
LogInit:  - built for x86_64-pc-win32
LogInit:  - supports SSL with OpenSSL/1.0.2h
LogInit:  - supports HTTP deflate (compression) using libz 1.2.8
LogInit:  - other features:
LogInit:      CURL_VERSION_SSL
LogInit:      CURL_VERSION_LIBZ
LogInit:      CURL_VERSION_IPV6
LogInit:      CURL_VERSION_ASYNCHDNS
LogInit:      CURL_VERSION_LARGEFILE
LogInit:      CURL_VERSION_IDN
LogInit:  CurlRequestOptions (configurable via config and command line):
LogInit:  - bVerifyPeer = true  - Libcurl will verify peer certificate
LogInit:  - bUseHttpProxy = false  - Libcurl will NOT use HTTP proxy
LogInit:  - bDontReuseConnections = false  - Libcurl will reuse connections
LogInit:  - MaxHostConnections = 16  - Libcurl will limit the number of connections to a host
LogInit:  - LocalHostAddr = Default
LogInit:  - BufferSize = 65536
LogInit: WinSock: version 1.1 (2.2), MaxSocks=32767, MaxUdp=65467
LogInit: Build: ++UE4+Release-4.21-CL-4613538
LogInit: Engine Version: 4.21.1-4613538+++UE4+Release-4.21
LogInit: Compatible Engine Version: 4.21.0-4541578+++UE4+Release-4.21
LogInit: Net CL: 4541578
LogInit: OS: Windows 7 (Service Pack 1), CPU: Intel(R) Core(TM) i7 CPU         860  @ 2.80GHz, GPU: NVIDIA GeForce GTX 1080
LogInit: Compiled (64-bit): Nov 30 2018 04:13:25
LogInit: Compiled with Visual C++: 19.13.26129.00
LogInit: Build Configuration: Development
LogInit: Branch Name: ++UE4+Release-4.21
LogInit: Command Line: 
LogInit: Base Directory: D:/Program Files/UE_4.21/Engine/Binaries/Win64/
LogInit: Installed Engine Build: 1
LogDevObjectVersion: Number of dev versions registered: 22
LogDevObjectVersion:   Dev-Blueprints (B0D832E4-1F89-4F0D-ACCF-7EB736FD4AA2): 10
LogDevObjectVersion:   Dev-Build (E1C64328-A22C-4D53-A36C-8E866417BD8C): 0
LogDevObjectVersion:   Dev-Core (375EC13C-06E4-48FB-B500-84F0262A717E): 2
LogDevObjectVersion:   Dev-Editor (E4B068ED-F494-42E9-A231-DA0B2E46BB41): 26
LogDevObjectVersion:   Dev-Framework (CFFC743F-43B0-4480-9391-14DF171D2073): 34
LogDevObjectVersion:   Dev-Mobile (B02B49B5-BB20-44E9-A304-32B752E40360): 2
LogDevObjectVersion:   Dev-Networking (A4E4105C-59A1-49B5-A7C5-40C4547EDFEE): 0
LogDevObjectVersion:   Dev-Online (39C831C9-5AE6-47DC-9A44-9C173E1C8E7C): 0
LogDevObjectVersion:   Dev-Physics (78F01B33-EBEA-4F98-B9B4-84EACCB95AA2): 0
LogDevObjectVersion:   Dev-Platform (6631380F-2D4D-43E0-8009-CF276956A95A): 0
LogDevObjectVersion:   Dev-Rendering (12F88B9F-8875-4AFC-A67C-D90C383ABD29): 27
LogDevObjectVersion:   Dev-Sequencer (7B5AE74C-D270-4C10-A958-57980B212A5A): 9
LogDevObjectVersion:   Dev-VR (D7296918-1DD6-4BDD-9DE2-64A83CC13884): 2
LogDevObjectVersion:   Dev-LoadTimes (C2A15278-BFE7-4AFE-6C17-90FF531DF755): 1
LogDevObjectVersion:   Private-Geometry (6EACA3D4-40EC-4CC1-B786-8BED09428FC5): 3
LogDevObjectVersion:   Dev-AnimPhys (29E575DD-E0A3-4627-9D10-D276232CDCEA): 17
LogDevObjectVersion:   Dev-Anim (AF43A65D-7FD3-4947-9873-3E8ED9C1BB05): 2
LogDevObjectVersion:   Dev-ReflectionCapture (6B266CEC-1EC7-4B8F-A30B-E4D90942FC07): 1
LogDevObjectVersion:   Dev-Automation (0DF73D61-A23F-47EA-B727-89E90C41499A): 1
LogDevObjectVersion:   FortniteMain (601D1886-AC64-4F84-AA16-D3DE0DEAC7D6): 17
LogDevObjectVersion:   Dev-Enterprise (9DFFBCD6-494F-0158-E221-12823C92A888): 4
LogDevObjectVersion:   Dev-Niagara (F2AED0AC-9AFE-416F-8664-AA7FFA26D6FC): 1
LogStreaming: Display: Took  0.000s to delete old logs.
LogInit: Presizing for max 8388607 objects, including 0 objects not considered by GC, pre-allocating 0 bytes for permanent pool.
LogInit: Object subsystem initialized
LogConfig: Setting CVar [[con.DebugEarlyDefault:1]]
LogConfig: Setting CVar [[r.setres:1280x720]]
[2019.01.05-19.07.51:476][  0]LogConfig: Setting CVar [[r.VSync:0]]
[2019.01.05-19.07.51:476][  0]LogConfig: Setting CVar [[r.RHICmdBypass:0]]
[2019.01.05-19.07.51:476][  0]LogConfig: Applying CVar settings from Section [/Script/Engine.RendererSettings] File [D:/Dropbox/UE4_Personal_Projects/NoodleCart/jan_project/SlimeGame/Saved/Config/Windows/Engine.ini]
[2019.01.05-19.07.51:476][  0]LogConfig: Setting CVar [[r.GPUCrashDebugging:0]]
[2019.01.05-19.07.51:477][  0]LogConfig: Applying CVar settings from Section [/Script/Engine.RendererOverrideSettings] File [D:/Dropbox/UE4_Personal_Projects/NoodleCart/jan_project/SlimeGame/Saved/Config/Windows/Engine.ini]
[2019.01.05-19.07.51:477][  0]LogConfig: Applying CVar settings from Section [/Script/Engine.StreamingSettings] File [D:/Dropbox/UE4_Personal_Projects/NoodleCart/jan_project/SlimeGame/Saved/Config/Windows/Engine.ini]
[2019.01.05-19.07.51:477][  0]LogConfig: Setting CVar [[s.MinBulkDataSizeForAsyncLoading:131072]]
[2019.01.05-19.07.51:477][  0]LogConfig: Setting CVar [[s.AsyncLoadingThreadEnabled:0]]
[2019.01.05-19.07.51:477][  0]LogConfig: Setting CVar [[s.EventDrivenLoaderEnabled:1]]
[2019.01.05-19.07.51:477][  0]LogConfig: Setting CVar [[s.WarnIfTimeLimitExceeded:0]]
[2019.01.05-19.07.51:477][  0]LogConfig: Setting CVar [[s.TimeLimitExceededMultiplier:1.5]]
[2019.01.05-19.07.51:477][  0]LogConfig: Setting CVar [[s.TimeLimitExceededMinTime:0.005]]
[2019.01.05-19.07.51:477][  0]LogConfig: Setting CVar [[s.UseBackgroundLevelStreaming:1]]
[2019.01.05-19.07.51:477][  0]LogConfig: Setting CVar [[s.PriorityAsyncLoadingExtraTime:15.0]]
[2019.01.05-19.07.51:477][  0]LogConfig: Setting CVar [[s.LevelStreamingActorsUpdateTimeLimit:5.0]]
[2019.01.05-19.07.51:477][  0]LogConfig: Setting CVar [[s.PriorityLevelStreamingActorsUpdateExtraTime:5.0]]
[2019.01.05-19.07.51:477][  0]LogConfig: Setting CVar [[s.LevelStreamingComponentsRegistrationGranularity:10]]
[2019.01.05-19.07.51:477][  0]LogConfig: Setting CVar [[s.UnregisterComponentsTimeLimit:1.0]]
[2019.01.05-19.07.51:477][  0]LogConfig: Setting CVar [[s.LevelStreamingComponentsUnregistrationGranularity:5]]
[2019.01.05-19.07.51:477][  0]LogConfig: Applying CVar settings from Section [/Script/Engine.GarbageCollectionSettings] File [D:/Dropbox/UE4_Personal_Projects/NoodleCart/jan_project/SlimeGame/Saved/Config/Windows/Engine.ini]
[2019.01.05-19.07.51:477][  0]LogConfig: Setting CVar [[gc.MaxObjectsNotConsideredByGC:1]]
[2019.01.05-19.07.51:477][  0]LogConfig: Setting CVar [[gc.SizeOfPermanentObjectPool:0]]
[2019.01.05-19.07.51:477][  0]LogConfig: Setting CVar [[gc.FlushStreamingOnGC:0]]
[2019.01.05-19.07.51:477][  0]LogConfig: Setting CVar [[gc.NumRetriesBeforeForcingGC:10]]
[2019.01.05-19.07.51:477][  0]LogConfig: Setting CVar [[gc.AllowParallelGC:1]]
[2019.01.05-19.07.51:477][  0]LogConfig: Setting CVar [[gc.TimeBetweenPurgingPendingKillObjects:61.1]]
[2019.01.05-19.07.51:477][  0]LogConfig: Setting CVar [[gc.MaxObjectsInEditor:8388607]]
[2019.01.05-19.07.51:477][  0]LogConfig: Setting CVar [[gc.IncrementalBeginDestroyEnabled:1]]
[2019.01.05-19.07.51:477][  0]LogConfig: Setting CVar [[gc.CreateGCClusters:1]]
[2019.01.05-19.07.51:477][  0]LogConfig: Setting CVar [[gc.MergeGCClusters:0]]
[2019.01.05-19.07.51:477][  0]LogConfig: Setting CVar [[gc.MinGCClusterSize:5]]
[2019.01.05-19.07.51:477][  0]LogConfig: Setting CVar [[gc.ActorClusteringEnabled:0]]
[2019.01.05-19.07.51:477][  0]LogConfig: Setting CVar [[gc.BlueprintClusteringEnabled:0]]
[2019.01.05-19.07.51:477][  0]LogConfig: Setting CVar [[gc.UseDisregardForGCOnDedicatedServers:0]]
[2019.01.05-19.07.51:477][  0]LogConfig: Applying CVar settings from Section [/Script/Engine.NetworkSettings] File [D:/Dropbox/UE4_Personal_Projects/NoodleCart/jan_project/SlimeGame/Saved/Config/Windows/Engine.ini]
[2019.01.05-19.07.51:477][  0]LogConfig: Applying CVar settings from Section [/Script/UnrealEd.CookerSettings] File [D:/Dropbox/UE4_Personal_Projects/NoodleCart/jan_project/SlimeGame/Saved/Config/Windows/Engine.ini]
[2019.01.05-19.07.51:486][  0]LogConfig: Applying CVar settings from Section [ViewDistanceQuality@3] File [D:/Dropbox/UE4_Personal_Projects/NoodleCart/jan_project/SlimeGame/Saved/Config/Windows/Scalability.ini]
[2019.01.05-19.07.51:486][  0]LogConfig: Setting CVar [[r.SkeletalMeshLODBias:0]]
[2019.01.05-19.07.51:486][  0]LogConfig: Setting CVar [[r.ViewDistanceScale:1.0]]
[2019.01.05-19.07.51:486][  0]LogConfig: Applying CVar settings from Section [AntiAliasingQuality@3] File [D:/Dropbox/UE4_Personal_Projects/NoodleCart/jan_project/SlimeGame/Saved/Config/Windows/Scalability.ini]
[2019.01.05-19.07.51:486][  0]LogConfig: Setting CVar [[r.PostProcessAAQuality:4]]
[2019.01.05-19.07.51:486][  0]LogConfig: Applying CVar settings from Section [ShadowQuality@3] File [D:/Dropbox/UE4_Personal_Projects/NoodleCart/jan_project/SlimeGame/Saved/Config/Windows/Scalability.ini]
[2019.01.05-19.07.51:486][  0]LogConfig: Setting CVar [[r.LightFunctionQuality:1]]
[2019.01.05-19.07.51:486][  0]LogConfig: Setting CVar [[r.ShadowQuality:5]]
[2019.01.05-19.07.51:486][  0]LogConfig: Setting CVar [[r.Shadow.CSM.MaxCascades:10]]
[2019.01.05-19.07.51:486][  0]LogConfig: Setting CVar [[r.Shadow.MaxResolution:2048]]
[2019.01.05-19.07.51:486][  0]LogConfig: Setting CVar [[r.Shadow.MaxCSMResolution:2048]]
[2019.01.05-19.07.51:486][  0]LogConfig: Setting CVar [[r.Shadow.RadiusThreshold:0.01]]
[2019.01.05-19.07.51:486][  0]LogConfig: Setting CVar [[r.Shadow.DistanceScale:1.0]]
[2019.01.05-19.07.51:486][  0]LogConfig: Setting CVar [[r.Shadow.CSM.TransitionScale:1.0]]
[2019.01.05-19.07.51:486][  0]LogConfig: Setting CVar [[r.Shadow.PreShadowResolutionFactor:1.0]]
[2019.01.05-19.07.51:486][  0]LogConfig: Setting CVar [[r.DistanceFieldShadowing:1]]
[2019.01.05-19.07.51:486][  0]LogConfig: Setting CVar [[r.DistanceFieldAO:1]]
[2019.01.05-19.07.51:486][  0]LogConfig: Setting CVar [[r.AOQuality:2]]
[2019.01.05-19.07.51:486][  0]LogConfig: Setting CVar [[r.VolumetricFog:1]]
[2019.01.05-19.07.51:486][  0]LogConfig: Setting CVar [[r.VolumetricFog.GridPixelSize:8]]
[2019.01.05-19.07.51:486][  0]LogConfig: Setting CVar [[r.VolumetricFog.GridSizeZ:128]]
[2019.01.05-19.07.51:486][  0]LogConfig: Setting CVar [[r.VolumetricFog.HistoryMissSupersampleCount:4]]
[2019.01.05-19.07.51:486][  0]LogConfig: Setting CVar [[r.LightMaxDrawDistanceScale:1]]
[2019.01.05-19.07.51:486][  0]LogConfig: Setting CVar [[r.CapsuleShadows:1]]
[2019.01.05-19.07.51:486][  0]LogConfig: Applying CVar settings from Section [PostProcessQuality@3] File [D:/Dropbox/UE4_Personal_Projects/NoodleCart/jan_project/SlimeGame/Saved/Config/Windows/Scalability.ini]
[2019.01.05-19.07.51:486][  0]LogConfig: Setting CVar [[r.MotionBlurQuality:4]]
[2019.01.05-19.07.51:486][  0]LogConfig: Setting CVar [[r.AmbientOcclusionMipLevelFactor:0.4]]
[2019.01.05-19.07.51:486][  0]LogConfig: Setting CVar [[r.AmbientOcclusionMaxQuality:100]]
[2019.01.05-19.07.51:486][  0]LogConfig: Setting CVar [[r.AmbientOcclusionLevels:-1]]
[2019.01.05-19.07.51:486][  0]LogConfig: Setting CVar [[r.AmbientOcclusionRadiusScale:1.0]]
[2019.01.05-19.07.51:486][  0]LogConfig: Setting CVar [[r.DepthOfFieldQuality:2]]
[2019.01.05-19.07.51:486][  0]LogConfig: Setting CVar [[r.RenderTargetPoolMin:400]]
[2019.01.05-19.07.51:486][  0]LogConfig: Setting CVar [[r.LensFlareQuality:2]]
[2019.01.05-19.07.51:486][  0]LogConfig: Setting CVar [[r.SceneColorFringeQuality:1]]
[2019.01.05-19.07.51:486][  0]LogConfig: Setting CVar [[r.EyeAdaptationQuality:2]]
[2019.01.05-19.07.51:486][  0]LogConfig: Setting CVar [[r.BloomQuality:5]]
[2019.01.05-19.07.51:486][  0]LogConfig: Setting CVar [[r.FastBlurThreshold:100]]
[2019.01.05-19.07.51:487][  0]LogConfig: Setting CVar [[r.Upscale.Quality:3]]
[2019.01.05-19.07.51:487][  0]LogConfig: Setting CVar [[r.Tonemapper.GrainQuantization:1]]
[2019.01.05-19.07.51:487][  0]LogConfig: Setting CVar [[r.LightShaftQuality:1]]
[2019.01.05-19.07.51:487][  0]LogConfig: Setting CVar [[r.Filter.SizeScale:1]]
[2019.01.05-19.07.51:487][  0]LogConfig: Setting CVar [[r.Tonemapper.Quality:5]]
[2019.01.05-19.07.51:487][  0]LogConfig: Setting CVar [[r.DOF.Gather.AccumulatorQuality:1        ; higher gathering accumulator quality]]
[2019.01.05-19.07.51:487][  0]LogConfig: Setting CVar [[r.DOF.Gather.PostfilterMethod:1          ; Median3x3 postfilering method]]
[2019.01.05-19.07.51:487][  0]LogConfig: Setting CVar [[r.DOF.Gather.EnableBokehSettings:0       ; no bokeh simulation when gathering]]
[2019.01.05-19.07.51:487][  0]LogConfig: Setting CVar [[r.DOF.Gather.RingCount:4                 ; medium number of samples when gathering]]
[2019.01.05-19.07.51:487][  0]LogConfig: Setting CVar [[r.DOF.Scatter.ForegroundCompositing:1    ; additive foreground scattering]]
[2019.01.05-19.07.51:487][  0]LogConfig: Setting CVar [[r.DOF.Scatter.BackgroundCompositing:2    ; additive background scattering]]
[2019.01.05-19.07.51:487][  0]LogConfig: Setting CVar [[r.DOF.Scatter.EnableBokehSettings:1      ; bokeh simulation when scattering]]
[2019.01.05-19.07.51:487][  0]LogConfig: Setting CVar [[r.DOF.Scatter.MaxSpriteRatio:0.1         ; only a maximum of 10% of scattered bokeh]]
[2019.01.05-19.07.51:487][  0]LogConfig: Setting CVar [[r.DOF.Recombine.Quality:1                ; cheap slight out of focus]]
[2019.01.05-19.07.51:487][  0]LogConfig: Setting CVar [[r.DOF.Recombine.EnableBokehSettings:0    ; no bokeh simulation on slight out of focus]]
[2019.01.05-19.07.51:487][  0]LogConfig: Setting CVar [[r.DOF.TemporalAAQuality:1                ; more stable temporal accumulation]]
[2019.01.05-19.07.51:487][  0]LogConfig: Setting CVar [[r.DOF.Kernel.MaxForegroundRadius:0.025]]
[2019.01.05-19.07.51:487][  0]LogConfig: Setting CVar [[r.DOF.Kernel.MaxBackgroundRadius:0.025]]
[2019.01.05-19.07.51:487][  0]LogConfig: Applying CVar settings from Section [TextureQuality@3] File [D:/Dropbox/UE4_Personal_Projects/NoodleCart/jan_project/SlimeGame/Saved/Config/Windows/Scalability.ini]
[2019.01.05-19.07.51:487][  0]LogConfig: Setting CVar [[r.Streaming.MipBias:0]]
[2019.01.05-19.07.51:487][  0]LogConfig: Setting CVar [[r.Streaming.AmortizeCPUToGPUCopy:0]]
[2019.01.05-19.07.51:487][  0]LogConfig: Setting CVar [[r.Streaming.MaxNumTexturesToStreamPerFrame:0]]
[2019.01.05-19.07.51:487][  0]LogConfig: Setting CVar [[r.Streaming.Boost:1]]
[2019.01.05-19.07.51:487][  0]LogConfig: Setting CVar [[r.MaxAnisotropy:8]]
[2019.01.05-19.07.51:487][  0]LogConfig: Setting CVar [[r.Streaming.LimitPoolSizeToVRAM:0]]
[2019.01.05-19.07.51:487][  0]LogConfig: Setting CVar [[r.Streaming.PoolSize:1000]]
[2019.01.05-19.07.51:487][  0]LogConfig: Setting CVar [[r.Streaming.MaxEffectiveScreenSize:0]]
[2019.01.05-19.07.51:487][  0]LogConfig: Applying CVar settings from Section [EffectsQuality@3] File [D:/Dropbox/UE4_Personal_Projects/NoodleCart/jan_project/SlimeGame/Saved/Config/Windows/Scalability.ini]
[2019.01.05-19.07.51:487][  0]LogConfig: Setting CVar [[r.TranslucencyLightingVolumeDim:64]]
[2019.01.05-19.07.51:487][  0]LogConfig: Setting CVar [[r.RefractionQuality:2]]
[2019.01.05-19.07.51:487][  0]LogConfig: Setting CVar [[r.SSR.Quality:3]]
[2019.01.05-19.07.51:487][  0]LogConfig: Setting CVar [[r.SceneColorFormat:4]]
[2019.01.05-19.07.51:487][  0]LogConfig: Setting CVar [[r.DetailMode:2]]
[2019.01.05-19.07.51:487][  0]LogConfig: Setting CVar [[r.TranslucencyVolumeBlur:1]]
[2019.01.05-19.07.51:487][  0]LogConfig: Setting CVar [[r.MaterialQualityLevel:1 ; High quality]]
[2019.01.05-19.07.51:487][  0]LogConfig: Setting CVar [[r.SSS.Scale:1]]
[2019.01.05-19.07.51:487][  0]LogConfig: Setting CVar [[r.SSS.SampleSet:2]]
[2019.01.05-19.07.51:487][  0]LogConfig: Setting CVar [[r.SSS.Quality:1]]
[2019.01.05-19.07.51:487][  0]LogConfig: Setting CVar [[r.SSS.HalfRes:1]]
[2019.01.05-19.07.51:487][  0]LogConfig: Setting CVar [[r.EmitterSpawnRateScale:1.0]]
[2019.01.05-19.07.51:487][  0]LogConfig: Setting CVar [[r.ParticleLightQuality:2]]
[2019.01.05-19.07.51:487][  0]LogConfig: Applying CVar settings from Section [FoliageQuality@3] File [D:/Dropbox/UE4_Personal_Projects/NoodleCart/jan_project/SlimeGame/Saved/Config/Windows/Scalability.ini]
[2019.01.05-19.07.51:487][  0]LogConfig: Setting CVar [[foliage.DensityScale:1.0]]
[2019.01.05-19.07.51:487][  0]LogConfig: Setting CVar [[grass.DensityScale:1.0]]
[2019.01.05-19.07.51:487][  0]LogInit: Selected Device Profile: [Windows]
[2019.01.05-19.07.51:487][  0]LogInit: Applying CVar settings loaded from the selected device profile: [Windows]
[2019.01.05-19.07.51:499][  0]LogHAL: Display: Platform has ~ 16 GB [17170554880 / 17179869184 / 16], which maps to Larger [LargestMinGB=32, LargerMinGB=12, DefaultMinGB=8, SmallerMinGB=6, SmallestMinGB=0)
[2019.01.05-19.07.51:499][  0]LogConfig: Setting CVar [[r.Vulkan.UseRealUBs:1]]
[2019.01.05-19.07.51:499][  0]LogInit: Going up to parent DeviceProfile []
[2019.01.05-19.07.51:499][  0]LogConfig: Applying CVar settings from Section [ViewDistanceQuality@3] File [D:/Dropbox/UE4_Personal_Projects/NoodleCart/jan_project/SlimeGame/Saved/Config/Windows/Scalability.ini]
[2019.01.05-19.07.51:499][  0]LogConfig: Setting CVar [[r.SkeletalMeshLODBias:0]]
[2019.01.05-19.07.51:499][  0]LogConfig: Setting CVar [[r.ViewDistanceScale:1.0]]
[2019.01.05-19.07.51:499][  0]LogConfig: Applying CVar settings from Section [AntiAliasingQuality@3] File [D:/Dropbox/UE4_Personal_Projects/NoodleCart/jan_project/SlimeGame/Saved/Config/Windows/Scalability.ini]
[2019.01.05-19.07.51:499][  0]LogConfig: Setting CVar [[r.PostProcessAAQuality:4]]
[2019.01.05-19.07.51:499][  0]LogConfig: Applying CVar settings from Section [ShadowQuality@3] File [D:/Dropbox/UE4_Personal_Projects/NoodleCart/jan_project/SlimeGame/Saved/Config/Windows/Scalability.ini]
[2019.01.05-19.07.51:499][  0]LogConfig: Setting CVar [[r.LightFunctionQuality:1]]
[2019.01.05-19.07.51:499][  0]LogConfig: Setting CVar [[r.ShadowQuality:5]]
[2019.01.05-19.07.51:499][  0]LogConfig: Setting CVar [[r.Shadow.CSM.MaxCascades:10]]
[2019.01.05-19.07.51:499][  0]LogConfig: Setting CVar [[r.Shadow.MaxResolution:2048]]
[2019.01.05-19.07.51:499][  0]LogConfig: Setting CVar [[r.Shadow.MaxCSMResolution:2048]]
[2019.01.05-19.07.51:499][  0]LogConfig: Setting CVar [[r.Shadow.RadiusThreshold:0.01]]
[2019.01.05-19.07.51:499][  0]LogConfig: Setting CVar [[r.Shadow.DistanceScale:1.0]]
[2019.01.05-19.07.51:499][  0]LogConfig: Setting CVar [[r.Shadow.CSM.TransitionScale:1.0]]
[2019.01.05-19.07.51:499][  0]LogConfig: Setting CVar [[r.Shadow.PreShadowResolutionFactor:1.0]]
[2019.01.05-19.07.51:499][  0]LogConfig: Setting CVar [[r.DistanceFieldShadowing:1]]
[2019.01.05-19.07.51:499][  0]LogConfig: Setting CVar [[r.DistanceFieldAO:1]]
[2019.01.05-19.07.51:500][  0]LogConfig: Setting CVar [[r.AOQuality:2]]
[2019.01.05-19.07.51:500][  0]LogConfig: Setting CVar [[r.VolumetricFog:1]]
[2019.01.05-19.07.51:500][  0]LogConfig: Setting CVar [[r.VolumetricFog.GridPixelSize:8]]
[2019.01.05-19.07.51:500][  0]LogConfig: Setting CVar [[r.VolumetricFog.GridSizeZ:128]]
[2019.01.05-19.07.51:500][  0]LogConfig: Setting CVar [[r.VolumetricFog.HistoryMissSupersampleCount:4]]
[2019.01.05-19.07.51:500][  0]LogConfig: Setting CVar [[r.LightMaxDrawDistanceScale:1]]
[2019.01.05-19.07.51:500][  0]LogConfig: Setting CVar [[r.CapsuleShadows:1]]
[2019.01.05-19.07.51:500][  0]LogConfig: Applying CVar settings from Section [PostProcessQuality@3] File [D:/Dropbox/UE4_Personal_Projects/NoodleCart/jan_project/SlimeGame/Saved/Config/Windows/Scalability.ini]
[2019.01.05-19.07.51:500][  0]LogConfig: Setting CVar [[r.MotionBlurQuality:4]]
[2019.01.05-19.07.51:500][  0]LogConfig: Setting CVar [[r.AmbientOcclusionMipLevelFactor:0.4]]
[2019.01.05-19.07.51:500][  0]LogConfig: Setting CVar [[r.AmbientOcclusionMaxQuality:100]]
[2019.01.05-19.07.51:500][  0]LogConfig: Setting CVar [[r.AmbientOcclusionLevels:-1]]
[2019.01.05-19.07.51:500][  0]LogConfig: Setting CVar [[r.AmbientOcclusionRadiusScale:1.0]]
[2019.01.05-19.07.51:500][  0]LogConfig: Setting CVar [[r.DepthOfFieldQuality:2]]
[2019.01.05-19.07.51:500][  0]LogConfig: Setting CVar [[r.RenderTargetPoolMin:400]]
[2019.01.05-19.07.51:500][  0]LogConfig: Setting CVar [[r.LensFlareQuality:2]]
[2019.01.05-19.07.51:500][  0]LogConfig: Setting CVar [[r.SceneColorFringeQuality:1]]
[2019.01.05-19.07.51:500][  0]LogConfig: Setting CVar [[r.EyeAdaptationQuality:2]]
[2019.01.05-19.07.51:500][  0]LogConfig: Setting CVar [[r.BloomQuality:5]]
[2019.01.05-19.07.51:500][  0]LogConfig: Setting CVar [[r.FastBlurThreshold:100]]
[2019.01.05-19.07.51:500][  0]LogConfig: Setting CVar [[r.Upscale.Quality:3]]
[2019.01.05-19.07.51:500][  0]LogConfig: Setting CVar [[r.Tonemapper.GrainQuantization:1]]
[2019.01.05-19.07.51:500][  0]LogConfig: Setting CVar [[r.LightShaftQuality:1]]
[2019.01.05-19.07.51:500][  0]LogConfig: Setting CVar [[r.Filter.SizeScale:1]]
[2019.01.05-19.07.51:500][  0]LogConfig: Setting CVar [[r.Tonemapper.Quality:5]]
[2019.01.05-19.07.51:500][  0]LogConfig: Setting CVar [[r.DOF.Gather.AccumulatorQuality:1        ; higher gathering accumulator quality]]
[2019.01.05-19.07.51:500][  0]LogConfig: Setting CVar [[r.DOF.Gather.PostfilterMethod:1          ; Median3x3 postfilering method]]
[2019.01.05-19.07.51:500][  0]LogConfig: Setting CVar [[r.DOF.Gather.EnableBokehSettings:0       ; no bokeh simulation when gathering]]
[2019.01.05-19.07.51:500][  0]LogConfig: Setting CVar [[r.DOF.Gather.RingCount:4                 ; medium number of samples when gathering]]
[2019.01.05-19.07.51:500][  0]LogConfig: Setting CVar [[r.DOF.Scatter.ForegroundCompositing:1    ; additive foreground scattering]]
[2019.01.05-19.07.51:500][  0]LogConfig: Setting CVar [[r.DOF.Scatter.BackgroundCompositing:2    ; additive background scattering]]
[2019.01.05-19.07.51:500][  0]LogConfig: Setting CVar [[r.DOF.Scatter.EnableBokehSettings:1      ; bokeh simulation when scattering]]
[2019.01.05-19.07.51:500][  0]LogConfig: Setting CVar [[r.DOF.Scatter.MaxSpriteRatio:0.1         ; only a maximum of 10% of scattered bokeh]]
[2019.01.05-19.07.51:500][  0]LogConfig: Setting CVar [[r.DOF.Recombine.Quality:1                ; cheap slight out of focus]]
[2019.01.05-19.07.51:500][  0]LogConfig: Setting CVar [[r.DOF.Recombine.EnableBokehSettings:0    ; no bokeh simulation on slight out of focus]]
[2019.01.05-19.07.51:500][  0]LogConfig: Setting CVar [[r.DOF.TemporalAAQuality:1                ; more stable temporal accumulation]]
[2019.01.05-19.07.51:500][  0]LogConfig: Setting CVar [[r.DOF.Kernel.MaxForegroundRadius:0.025]]
[2019.01.05-19.07.51:500][  0]LogConfig: Setting CVar [[r.DOF.Kernel.MaxBackgroundRadius:0.025]]
[2019.01.05-19.07.51:500][  0]LogConfig: Applying CVar settings from Section [TextureQuality@3] File [D:/Dropbox/UE4_Personal_Projects/NoodleCart/jan_project/SlimeGame/Saved/Config/Windows/Scalability.ini]
[2019.01.05-19.07.51:500][  0]LogConfig: Setting CVar [[r.Streaming.MipBias:0]]
[2019.01.05-19.07.51:500][  0]LogConfig: Setting CVar [[r.Streaming.AmortizeCPUToGPUCopy:0]]
[2019.01.05-19.07.51:500][  0]LogConfig: Setting CVar [[r.Streaming.MaxNumTexturesToStreamPerFrame:0]]
[2019.01.05-19.07.51:500][  0]LogConfig: Setting CVar [[r.Streaming.Boost:1]]
[2019.01.05-19.07.51:500][  0]LogConfig: Setting CVar [[r.MaxAnisotropy:8]]
[2019.01.05-19.07.51:500][  0]LogConfig: Setting CVar [[r.Streaming.LimitPoolSizeToVRAM:0]]
[2019.01.05-19.07.51:500][  0]LogConfig: Setting CVar [[r.Streaming.PoolSize:1000]]
[2019.01.05-19.07.51:500][  0]LogConfig: Setting CVar [[r.Streaming.MaxEffectiveScreenSize:0]]
[2019.01.05-19.07.51:500][  0]LogConfig: Applying CVar settings from Section [EffectsQuality@3] File [D:/Dropbox/UE4_Personal_Projects/NoodleCart/jan_project/SlimeGame/Saved/Config/Windows/Scalability.ini]
[2019.01.05-19.07.51:500][  0]LogConfig: Setting CVar [[r.TranslucencyLightingVolumeDim:64]]
[2019.01.05-19.07.51:500][  0]LogConfig: Setting CVar [[r.RefractionQuality:2]]
[2019.01.05-19.07.51:500][  0]LogConfig: Setting CVar [[r.SSR.Quality:3]]
[2019.01.05-19.07.51:500][  0]LogConfig: Setting CVar [[r.SceneColorFormat:4]]
[2019.01.05-19.07.51:500][  0]LogConfig: Setting CVar [[r.DetailMode:2]]
[2019.01.05-19.07.51:500][  0]LogConfig: Setting CVar [[r.TranslucencyVolumeBlur:1]]
[2019.01.05-19.07.51:500][  0]LogConfig: Setting CVar [[r.MaterialQualityLevel:1 ; High quality]]
[2019.01.05-19.07.51:500][  0]LogConfig: Setting CVar [[r.SSS.Scale:1]]
[2019.01.05-19.07.51:500][  0]LogConfig: Setting CVar [[r.SSS.SampleSet:2]]
[2019.01.05-19.07.51:500][  0]LogConfig: Setting CVar [[r.SSS.Quality:1]]
[2019.01.05-19.07.51:500][  0]LogConfig: Setting CVar [[r.SSS.HalfRes:1]]
[2019.01.05-19.07.51:500][  0]LogConfig: Setting CVar [[r.EmitterSpawnRateScale:1.0]]
[2019.01.05-19.07.51:500][  0]LogConfig: Setting CVar [[r.ParticleLightQuality:2]]
[2019.01.05-19.07.51:500][  0]LogConfig: Applying CVar settings from Section [FoliageQuality@3] File [D:/Dropbox/UE4_Personal_Projects/NoodleCart/jan_project/SlimeGame/Saved/Config/Windows/Scalability.ini]
[2019.01.05-19.07.51:500][  0]LogConfig: Setting CVar [[foliage.DensityScale:1.0]]
[2019.01.05-19.07.51:500][  0]LogConfig: Setting CVar [[grass.DensityScale:1.0]]
[2019.01.05-19.07.51:500][  0]LogConfig: Applying CVar settings from Section [Startup] File [../../../Engine/Config/ConsoleVariables.ini]
[2019.01.05-19.07.51:500][  0]LogConfig: Setting CVar [[net.UseAdaptiveNetUpdateFrequency:0]]
[2019.01.05-19.07.51:500][  0]LogConfig: Applying CVar settings from Section [ConsoleVariables] File [D:/Dropbox/UE4_Personal_Projects/NoodleCart/jan_project/SlimeGame/Saved/Config/Windows/Engine.ini]
[2019.01.05-19.07.51:500][  0]LogInit: Computer: JAMES-PC
[2019.01.05-19.07.51:500][  0]LogInit: User: James
[2019.01.05-19.07.51:500][  0]LogInit: CPU Page size=4096, Cores=4
[2019.01.05-19.07.51:500][  0]LogInit: High frequency timer resolution =2.736093 MHz
[2019.01.05-19.07.51:501][  0]LogMemory: Memory total: Physical=16.0GB (16GB approx)
[2019.01.05-19.07.51:501][  0]LogMemory: Platform Memory Stats for Windows
[2019.01.05-19.07.51:501][  0]LogMemory: Process Physical Memory: 103.52 MB used, 103.52 MB peak
[2019.01.05-19.07.51:501][  0]LogMemory: Process Virtual Memory: 94.01 MB used, 94.01 MB peak
[2019.01.05-19.07.51:501][  0]LogMemory: Physical Memory: 5562.52 MB used,  10812.59 MB free, 16375.12 MB total
[2019.01.05-19.07.51:501][  0]LogMemory: Virtual Memory: 498.79 MB used,  8388109.00 MB free, 8388608.00 MB total
[2019.01.05-19.07.51:529][  0]LogInit: Using OS detected language (en-US).
[2019.01.05-19.07.51:530][  0]LogInit: Using OS detected locale (en-US).
[2019.01.05-19.07.51:530][  0]LogTextLocalizationManager: No specific localization for 'en-US' exists, so the 'en' localization will be used.
[2019.01.05-19.07.52:030][  0]LogStreaming: Display: Took  0.501s to InitEngineTextLocalization.
[2019.01.05-19.07.52:031][  0]LogWindows: Failed to load 'shcore.dll' (GetLastError=126)
[2019.01.05-19.07.52:031][  0]LogWindows: File 'shcore.dll' does not exist
[2019.01.05-19.07.52:031][  0]LogInit: Setting process to DPI aware
[2019.01.05-19.07.52:066][  0]LogSlate: New Slate User Created.  User Index 0, Is Virtual User: 0
[2019.01.05-19.07.52:066][  0]LogSlate: Slate User Registered.  User Index 0, Is Virtual User: 0
[2019.01.05-19.07.52:303][  0]LogHMD: Failed to initialize OpenVR with code 110
[2019.01.05-19.07.52:303][  0]LogD3D11RHI: D3D11 adapters:
[2019.01.05-19.07.52:350][  0]LogD3D11RHI:    0. 'NVIDIA GeForce GTX 1080' (Feature Level 11_0)
[2019.01.05-19.07.52:350][  0]LogD3D11RHI:       8077/0/7931 MB DedicatedVideo/DedicatedSystem/SharedSystem, Outputs:2, VendorId:0x10de
[2019.01.05-19.07.52:350][  0]LogD3D11RHI: Chosen D3D11 Adapter: 0
[2019.01.05-19.07.52:355][  0]LogD3D11RHI: Creating new Direct3DDevice
[2019.01.05-19.07.52:355][  0]LogD3D11RHI:     GPU DeviceId: 0x1b80 (for the marketing name, search the web for "GPU Device Id")
[2019.01.05-19.07.52:355][  0]LogWindows: EnumDisplayDevices:
[2019.01.05-19.07.52:355][  0]LogWindows:    0. 'NVIDIA GeForce GTX 1080' (P:0 D:1)
[2019.01.05-19.07.52:355][  0]LogWindows:    1. 'NVIDIA GeForce GTX 1080' (P:1 D:1)
[2019.01.05-19.07.52:356][  0]LogWindows:    2. 'NVIDIA GeForce GTX 1080' (P:0 D:0)
[2019.01.05-19.07.52:356][  0]LogWindows:    3. 'NVIDIA GeForce GTX 1080' (P:0 D:0)
[2019.01.05-19.07.52:356][  0]LogWindows:    4. 'RDPDD Chained DD' (P:0 D:0)
[2019.01.05-19.07.52:356][  0]LogWindows:    5. 'RDP Encoder Mirror Driver' (P:0 D:0)
[2019.01.05-19.07.52:356][  0]LogWindows:    6. 'RDP Reflector Display Driver' (P:0 D:0)
[2019.01.05-19.07.52:356][  0]LogWindows: DebugString: GetVideoDriverDetailsInvalid PrimaryIsNotTheChoosenAdapter GetVideoDriverDetailsInvalid PrimaryIsNotTheChoosenAdapter GetVideoDriverDetailsInvalid PrimaryIsNotTheChoosenAdapter FoundDriverCount:4 
[2019.01.05-19.07.52:356][  0]LogD3D11RHI:     Adapter Name: NVIDIA GeForce GTX 1080
[2019.01.05-19.07.52:356][  0]LogD3D11RHI:   Driver Version: 397.64 (internal:24.21.13.9764, unified:397.64)
[2019.01.05-19.07.52:356][  0]LogD3D11RHI:      Driver Date: 5-7-2018
[2019.01.05-19.07.52:356][  0]LogRHI: Texture pool is 5654 MB (70% of 8077 MB)
[2019.01.05-19.07.52:379][  0]LogD3D11RHI: Async texture creation enabled
[2019.01.05-19.07.52:400][  0]LogD3D11RHI: GPU Timing Frequency: 1000.000000 (Debug: 2 2)
[2019.01.05-19.07.52:760][  0]LogTemp: Display: Loaded TP AllDesktopTargetPlatform
[2019.01.05-19.07.52:782][  0]LogTemp: Display: Loaded TP MacClientTargetPlatform
[2019.01.05-19.07.52:805][  0]LogTemp: Display: Loaded TP MacNoEditorTargetPlatform
[2019.01.05-19.07.52:825][  0]LogTemp: Display: Loaded TP MacServerTargetPlatform
[2019.01.05-19.07.52:846][  0]LogTemp: Display: Loaded TP MacTargetPlatform
[2019.01.05-19.07.52:867][  0]LogTemp: Display: Loaded TP WindowsClientTargetPlatform
[2019.01.05-19.07.52:887][  0]LogTemp: Display: Loaded TP WindowsNoEditorTargetPlatform
[2019.01.05-19.07.52:908][  0]LogTemp: Display: Loaded TP WindowsServerTargetPlatform
[2019.01.05-19.07.52:916][  0]LogTemp: Display: Loaded TP WindowsTargetPlatform
[2019.01.05-19.07.53:047][  0]LogTemp: Display: Loaded TP AndroidTargetPlatform
[2019.01.05-19.07.53:047][  0]LogTemp: Display: Loaded TP AndroidTargetPlatform
[2019.01.05-19.07.53:047][  0]LogTemp: Display: Loaded TP AndroidTargetPlatform
[2019.01.05-19.07.53:047][  0]LogTemp: Display: Loaded TP AndroidTargetPlatform
[2019.01.05-19.07.53:047][  0]LogTemp: Display: Loaded TP AndroidTargetPlatform
[2019.01.05-19.07.53:047][  0]LogTemp: Display: Loaded TP AndroidTargetPlatform
[2019.01.05-19.07.53:047][  0]LogTemp: Display: Loaded TP AndroidTargetPlatform
[2019.01.05-19.07.53:047][  0]LogTemp: Display: Loaded TP AndroidTargetPlatform
[2019.01.05-19.07.53:047][  0]LogTemp: Display: Loaded TP AndroidTargetPlatform
[2019.01.05-19.07.53:047][  0]LogTemp: Display: Loaded TP AndroidTargetPlatform
[2019.01.05-19.07.53:047][  0]LogTemp: Display: Loaded TP AndroidTargetPlatform
[2019.01.05-19.07.53:047][  0]LogTemp: Display: Loaded TP AndroidTargetPlatform
[2019.01.05-19.07.53:047][  0]LogTemp: Display: Loaded TP AndroidTargetPlatform
[2019.01.05-19.07.53:047][  0]LogTemp: Display: Loaded TP AndroidTargetPlatform
[2019.01.05-19.07.53:047][  0]LogTemp: Display: Loaded TP AndroidTargetPlatform
[2019.01.05-19.07.53:047][  0]LogTemp: Display: Loaded TP AndroidTargetPlatform
[2019.01.05-19.07.53:047][  0]LogTemp: Display: Loaded TP AndroidTargetPlatform
[2019.01.05-19.07.53:047][  0]LogTemp: Display: Loaded TP AndroidTargetPlatform
[2019.01.05-19.07.53:048][  0]LogTemp: Display: Loaded TP HTML5TargetPlatform
[2019.01.05-19.07.53:130][  0]LogTemp: Display: Loaded TP IOSTargetPlatform
[2019.01.05-19.07.53:130][  0]LogTemp: Display: Loaded TP IOSTargetPlatform
[2019.01.05-19.07.53:166][  0]LogTemp: Display: Loaded TP TVOSTargetPlatform
[2019.01.05-19.07.53:167][  0]LogTemp: Display: Loaded TP TVOSTargetPlatform
[2019.01.05-19.07.53:190][  0]LogTemp: Display: Loaded TP LinuxClientTargetPlatform
[2019.01.05-19.07.53:210][  0]LogTemp: Display: Loaded TP LinuxNoEditorTargetPlatform
[2019.01.05-19.07.53:234][  0]LogTemp: Display: Loaded TP LinuxServerTargetPlatform
[2019.01.05-19.07.53:252][  0]LogTemp: Display: Loaded TP LinuxTargetPlatform
[2019.01.05-19.07.53:324][  0]LogTemp: Display: Loaded TP LuminTargetPlatform
[2019.01.05-19.07.53:324][  0]LogTemp: Display: Loaded TP LuminTargetPlatform
[2019.01.05-19.07.53:325][  0]LogTargetPlatformManager: Display: Building Assets For Windows
[2019.01.05-19.07.53:375][  0]LogShaderCompilers: Guid format shader working directory is -31 characters bigger than the processId version (../../../../../Dropbox/UE4_Personal_Projects/NoodleCart/jan_project/SlimeGame/Intermediate/Shaders/WorkingDirectory/7724/).
[2019.01.05-19.07.53:375][  0]LogShaderCompilers: Cleaned the shader compiler working directory 'C:/Users/James/AppData/Local/Temp/UnrealShaderWorkingDir/A61240C9498A6522F0BC51BEC884DA76/'.
[2019.01.05-19.07.53:377][  0]LogXGEController: Cleaning working directory: C:/Users/James/AppData/Local/Temp/UnrealXGEWorkingDir/
[2019.01.05-19.07.53:377][  0]LogXGEController: Cannot use XGE Controller as Incredibuild is not installed on this machine.
[2019.01.05-19.07.53:377][  0]LogShaderCompilers: Cannot use XGE Shader Compiler as Incredibuild is not installed on this machine.
[2019.01.05-19.07.53:377][  0]LogShaderCompilers: Display: Using Local Shader Compiler.
[2019.01.05-19.07.54:246][  0]LogDerivedDataCache: Display: Max Cache Size: 512 MB
[2019.01.05-19.07.54:320][  0]LogDerivedDataCache: Loaded boot cache 0.07s 71MB C:/Users/James/AppData/Local/UnrealEngine/4.21/DerivedDataCache/Boot.ddc.
[2019.01.05-19.07.54:321][  0]LogDerivedDataCache: Display: Loaded Boot cache: C:/Users/James/AppData/Local/UnrealEngine/4.21/DerivedDataCache/Boot.ddc
[2019.01.05-19.07.54:321][  0]LogDerivedDataCache: FDerivedDataBackendGraph:  Pak pak cache file ../../../../../Dropbox/UE4_Personal_Projects/NoodleCart/jan_project/SlimeGame/DerivedDataCache/DDC.ddp not found, will not use a pak cache.
[2019.01.05-19.07.54:321][  0]LogDerivedDataCache: Unable to find inner node Pak for hierarchical cache Hierarchy.
[2019.01.05-19.07.54:321][  0]LogDerivedDataCache: FDerivedDataBackendGraph:  CompressedPak pak cache file ../../../../../Dropbox/UE4_Personal_Projects/NoodleCart/jan_project/SlimeGame/DerivedDataCache/Compressed.ddp not found, will not use a pak cache.
[2019.01.05-19.07.54:321][  0]LogDerivedDataCache: Unable to find inner node CompressedPak for hierarchical cache Hierarchy.
[2019.01.05-19.07.54:344][  0]LogDerivedDataCache: Display: Pak cache opened for reading ../../../Engine/DerivedDataCache/Compressed.ddp.
[2019.01.05-19.07.54:344][  0]LogDerivedDataCache: FDerivedDataBackendGraph:  EnterprisePak pak cache file ../../../Enterprise/DerivedDataCache/Compressed.ddp not found, will not use a pak cache.
[2019.01.05-19.07.54:344][  0]LogDerivedDataCache: Unable to find inner node EnterprisePak for hierarchical cache Hierarchy.
[2019.01.05-19.07.54:357][  0]LogDerivedDataCache: Using Local data cache path C:/Users/James/AppData/Local/UnrealEngine/Common/DerivedDataCache: Writable
[2019.01.05-19.07.54:357][  0]LogDerivedDataCache: Shared data cache path not found in *engine.ini, will not use an Shared cache.
[2019.01.05-19.07.54:357][  0]LogDerivedDataCache: Unable to find inner node Shared for hierarchical cache Hierarchy.
[2019.01.05-19.07.54:394][  0]LogMaterial: Verifying Global Shaders for PCD3D_SM5
[2019.01.05-19.07.54:396][  0]LogSlate: Using FreeType 2.6.0
[2019.01.05-19.07.54:396][  0]LogSlate: SlateFontServices - WITH_FREETYPE: 1, WITH_HARFBUZZ: 1
[2019.01.05-19.07.54:506][  0]LogAssetRegistry: FAssetRegistry took 0.0394 seconds to start up
[2019.01.05-19.07.55:047][  0]LogInit: Selected Device Profile: [Windows]
[2019.01.05-19.07.55:265][  0]LogSimplygon: Simplygon DLL not present - disabling.
[2019.01.05-19.07.55:268][  0]LogMeshReduction: Using SimplygonSwarm for distributed automatic mesh merging
[2019.01.05-19.07.55:268][  0]LogMeshReduction: Using ProxyLODMeshReduction for automatic mesh merging
[2019.01.05-19.07.55:268][  0]LogMeshReduction: Using QuadricMeshReduction for automatic static mesh reduction
[2019.01.05-19.07.55:268][  0]LogMeshReduction: No automatic skeletal mesh reduction module available
[2019.01.05-19.07.55:285][  0]LogNetVersion: SlimeGame 1.0.0, NetCL: 4541578, EngineNetVer: 5, GameNetVer: 0 (Checksum: 2688093222)
[2019.01.05-19.07.55:963][  0]LogPackageLocalizationCache: Processed 11 localized package path(s) for 2 prioritized culture(s) in 0.083298 seconds
[2019.01.05-19.07.55:972][  0]LogUObjectArray: 39775 objects as part of root set at end of initial load.
[2019.01.05-19.07.55:972][  0]LogUObjectAllocator: 6914664 out of 0 bytes used by permanent object pool.
[2019.01.05-19.07.55:972][  0]LogUObjectArray: CloseDisregardForGC: 0/0 objects in disregard for GC pool
[2019.01.05-19.07.57:072][  0]LogTcpMessaging: Initializing TcpMessaging bridge
[2019.01.05-19.07.57:085][  0]LogUdpMessaging: Initializing bridge on interface 0.0.0.0:0 to multicast group 230.0.0.1:6666.
[2019.01.05-19.07.57:989][  0]SourceControl: Source control is disabled
[2019.01.05-19.07.58:340][  0]LogAndroidPermission: UAndroidPermissionCallbackProxy::GetInstance
[2019.01.05-19.07.58:403][  0]LogOcInput: OculusInput pre-init called
[2019.01.05-19.07.58:560][  0]LogEngine: Initializing Engine...
[2019.01.05-19.07.58:561][  0]LogHMD: Failed to initialize OpenVR with code 110
[2019.01.05-19.07.58:563][  0]LogStats: UGameplayTagsManager::ConstructGameplayTagTree: ImportINI prefixes -  0.000 s
[2019.01.05-19.07.58:563][  0]LogStats: UGameplayTagsManager::ConstructGameplayTagTree: Construct from data asset -  0.000 s
[2019.01.05-19.07.58:563][  0]LogStats: UGameplayTagsManager::ConstructGameplayTagTree: ImportINI -  0.000 s
[2019.01.05-19.07.58:563][  0]LogStats: UGameplayTagsManager::ConstructGameplayTagTree: GameplayTagTreeChangedEvent.Broadcast -  0.000 s
[2019.01.05-19.07.58:927][  0]LogInit: Initializing FReadOnlyCVARCache
[2019.01.05-19.07.58:943][  0]LogAIModule: Creating AISystem for world Untitled
[2019.01.05-19.07.58:964][  0]LogInit: XAudio2 using 'Headset Earphone (HyperX 7.1 Audio)' : 2 channels at 44.1 kHz using 16 bits per sample (channel mask 0x3)
[2019.01.05-19.07.58:973][  0]LogInit: FAudioDevice initialized.
[2019.01.05-19.07.58:973][  0]LogNetVersion: Set ProjectVersion to 1.0.0.0. Version Checksum will be recalculated on next use.
[2019.01.05-19.07.59:094][  0]LogDerivedDataCache: Saved boot cache 0.12s 71MB C:/Users/James/AppData/Local/UnrealEngine/4.21/DerivedDataCache/Boot.ddc.
[2019.01.05-19.07.59:100][  0]LogInit: Texture streaming: Enabled
[2019.01.05-19.07.59:121][  0]LogEngineSessionManager: EngineSessionManager initialized
[2019.01.05-19.07.59:130][  0]LogInit: Transaction tracking system initialized
[2019.01.05-19.07.59:151][  0]BlueprintLog: New page: Editor Load
[2019.01.05-19.07.59:226][  0]LocalizationService: Localization service is disabled
[2019.01.05-19.07.59:931][  0]LogFileCache: Scanning file cache for directory 'D:/Dropbox/UE4_Personal_Projects/NoodleCart/jan_project/SlimeGame/Content/' took 0.01s
[2019.01.05-19.07.59:931][  0]LogCook: Display: Max memory allowance for cook 16384mb min free memory 0mb
[2019.01.05-19.07.59:931][  0]LogCook: Display: Mobile HDR setting 1
[2019.01.05-19.07.59:931][  0]LogGameplayTags: Display: UGameplayTagsManager::DoneAddingNativeTags. DelegateIsBound: 0
[2019.01.05-19.07.59:931][  0]LogStats: UGameplayTagsManager::ConstructGameplayTagTree: ImportINI prefixes -  0.000 s
[2019.01.05-19.07.59:931][  0]LogStats: UGameplayTagsManager::ConstructGameplayTagTree: Construct from data asset -  0.000 s
[2019.01.05-19.07.59:931][  0]LogStats: UGameplayTagsManager::ConstructGameplayTagTree: ImportINI -  0.000 s
[2019.01.05-19.07.59:931][  0]LogStats: UGameplayTagsManager::ConstructGameplayTagTree: GameplayTagTreeChangedEvent.Broadcast -  0.000 s
[2019.01.05-19.08.00:075][  0]Cmd: MAP LOAD FILE="../../../../../Dropbox/UE4_Personal_Projects/NoodleCart/jan_project/SlimeGame/Content/_Temp/Gannon/Levels/L_GannonTest_Map.umap" TEMPLATE=0 SHOWPROGRESS=1 FEATURELEVEL=3
[2019.01.05-19.08.00:075][  0]LightingResults: New page: Lighting Build
[2019.01.05-19.08.00:078][  0]MapCheck: New page: Map Check
[2019.01.05-19.08.00:078][  0]LightingResults: New page: Lighting Build
[2019.01.05-19.08.00:570][  0]LogAIModule: Creating AISystem for world L_GannonTest_Map
[2019.01.05-19.08.00:589][  0]LogEditorServer: Finished looking for orphan Actors (0.000 secs)
[2019.01.05-19.08.00:621][  0]Cmd: MAP CHECKDEP NOCLEARLOG
[2019.01.05-19.08.00:621][  0]MapCheck: Map check complete: 0 Error(s), 0 Warning(s), took 0.103ms to complete.
[2019.01.05-19.08.00:622][  0]LogFileHelpers: Loading map 'L_GannonTest_Map' took 0.547
[2019.01.05-19.08.02:423][  0]LogSlate: Only BGRA pngs, bmps or icos are supported in by External Image Picker
[2019.01.05-19.08.02:485][  0]LogTemp: Executing iPhonePackager certificates Engine -bundlename com.YourCompany.SlimeGame
[2019.01.05-19.08.02:486][  0]LogTemp: CWD: D:\Program Files\UE_4.21\Engine\Binaries\DotNET\IOS
[2019.01.05-19.08.02:486][  0]LogTemp: Initial Dir: D:\Program Files\UE_4.21
[2019.01.05-19.08.02:486][  0]LogTemp: Env CWD: D:\Program Files\UE_4.21\Engine\Binaries\DotNET\IOS
[2019.01.05-19.08.02:486][  0]LogSlate: Updating window title bar state: overlay mode, drag disabled, window buttons hidden, title bar hidden
[2019.01.05-19.08.02:498][  0]LogTemp: BranchPath = JAMES-PC/D/Program Files/UE_4.21/Engine/Binaries --- GameBranchPath = JAMES-PC/D/Program Files/UE_4.21/Engine/Binaries
[2019.01.05-19.08.02:498][  0]LogSlate: Updating window title bar state: overlay mode, drag disabled, window buttons hidden, title bar hidden
[2019.01.05-19.08.02:510][  0]LogSlate: Updating window title bar state: overlay mode, drag disabled, window buttons hidden, title bar hidden
[2019.01.05-19.08.02:529][  0]LogTemp: IPP ERROR: Could not find provision directory 'C:\Users\James\AppData\Local/Apple Computer/MobileDevice/Provisioning Profiles/'.
[2019.01.05-19.08.02:529][  0]LogSlate: Updating window title bar state: overlay mode, drag disabled, window buttons hidden, title bar hidden
[2019.01.05-19.08.02:542][  0]LogCollectionManager: Loaded 0 collections in 0.001634 seconds
[2019.01.05-19.08.02:584][  0]LogFileCache: Scanning file cache for directory 'D:/Dropbox/UE4_Personal_Projects/NoodleCart/jan_project/SlimeGame/Saved/Collections/' took 0.01s
[2019.01.05-19.08.02:584][  0]LogFileCache: Scanning file cache for directory 'D:/Dropbox/UE4_Personal_Projects/NoodleCart/jan_project/SlimeGame/Content/Developers/James/Collections/' took 0.01s
[2019.01.05-19.08.02:584][  0]LogFileCache: Scanning file cache for directory 'D:/Dropbox/UE4_Personal_Projects/NoodleCart/jan_project/SlimeGame/Content/Collections/' took 0.01s
[2019.01.05-19.08.02:584][  0]LogCollectionManager: Rebuilt the GUID cache for 0 collections in 0.000001 seconds
[2019.01.05-19.08.02:604][  0]LogContentBrowser: Native class hierarchy populated in 0.0194 seconds. Added 2651 classes and 620 folders.
[2019.01.05-19.08.02:614][  0]LogContentBrowser: Native class hierarchy updated for 'WidgetCarousel' in 0.0004 seconds. Added 0 classes and 0 folders.
[2019.01.05-19.08.02:616][  0]LogPakFile: Registered encryption key '00000000000000000000000000000000': 0 pak files mounted, 0 remain pending
[2019.01.05-19.08.02:617][  0]LogPakFile: Registered encryption key '00000000000000000000000000000000': 0 pak files mounted, 0 remain pending
[2019.01.05-19.08.02:618][  0]LogPakFile: Registered encryption key '00000000000000000000000000000000': 0 pak files mounted, 0 remain pending
[2019.01.05-19.08.02:618][  0]LogPakFile: Registered encryption key '00000000000000000000000000000000': 0 pak files mounted, 0 remain pending
[2019.01.05-19.08.02:619][  0]LogPakFile: Registered encryption key '00000000000000000000000000000000': 0 pak files mounted, 0 remain pending
[2019.01.05-19.08.02:619][  0]LogPakFile: Registered encryption key '00000000000000000000000000000000': 0 pak files mounted, 0 remain pending
[2019.01.05-19.08.02:620][  0]LogPakFile: Registered encryption key '00000000000000000000000000000000': 0 pak files mounted, 0 remain pending
[2019.01.05-19.08.02:621][  0]LogPakFile: Registered encryption key '00000000000000000000000000000000': 0 pak files mounted, 0 remain pending
[2019.01.05-19.08.02:622][  0]LogPakFile: Registered encryption key '00000000000000000000000000000000': 0 pak files mounted, 0 remain pending
[2019.01.05-19.08.02:622][  0]LogPakFile: Registered encryption key '00000000000000000000000000000000': 0 pak files mounted, 0 remain pending
[2019.01.05-19.08.02:623][  0]LogPakFile: Registered encryption key '00000000000000000000000000000000': 0 pak files mounted, 0 remain pending
[2019.01.05-19.08.02:624][  0]LogPakFile: Registered encryption key '00000000000000000000000000000000': 0 pak files mounted, 0 remain pending
[2019.01.05-19.08.02:624][  0]LogPakFile: Registered encryption key '00000000000000000000000000000000': 0 pak files mounted, 0 remain pending
[2019.01.05-19.08.02:625][  0]LogPakFile: Registered encryption key '00000000000000000000000000000000': 0 pak files mounted, 0 remain pending
[2019.01.05-19.08.02:625][  0]LogPakFile: Registered encryption key '00000000000000000000000000000000': 0 pak files mounted, 0 remain pending
[2019.01.05-19.08.02:625][  0]LogPakFile: Registered encryption key '00000000000000000000000000000000': 0 pak files mounted, 0 remain pending
[2019.01.05-19.08.02:626][  0]LogPakFile: Registered encryption key '00000000000000000000000000000000': 0 pak files mounted, 0 remain pending
[2019.01.05-19.08.02:627][  0]LogPakFile: Registered encryption key '00000000000000000000000000000000': 0 pak files mounted, 0 remain pending
[2019.01.05-19.08.02:627][  0]LogPakFile: Registered encryption key '00000000000000000000000000000000': 0 pak files mounted, 0 remain pending
[2019.01.05-19.08.02:628][  0]LogPakFile: Registered encryption key '00000000000000000000000000000000': 0 pak files mounted, 0 remain pending
[2019.01.05-19.08.02:628][  0]LogPakFile: Registered encryption key '00000000000000000000000000000000': 0 pak files mounted, 0 remain pending
[2019.01.05-19.08.02:629][  0]LogPakFile: Registered encryption key '00000000000000000000000000000000': 0 pak files mounted, 0 remain pending
[2019.01.05-19.08.02:630][  0]LogPakFile: Registered encryption key '00000000000000000000000000000000': 0 pak files mounted, 0 remain pending
[2019.01.05-19.08.02:630][  0]LogPakFile: Registered encryption key '00000000000000000000000000000000': 0 pak files mounted, 0 remain pending
[2019.01.05-19.08.02:631][  0]LogPakFile: Registered encryption key '00000000000000000000000000000000': 0 pak files mounted, 0 remain pending
[2019.01.05-19.08.02:632][  0]LogPakFile: Registered encryption key '00000000000000000000000000000000': 0 pak files mounted, 0 remain pending
[2019.01.05-19.08.02:667][  0]LogContentBrowser: Native class hierarchy updated for 'AddContentDialog' in 0.0004 seconds. Added 0 classes and 0 folders.
[2019.01.05-19.08.02:673][  0]LogContentBrowser: Native class hierarchy updated for 'SceneOutliner' in 0.0004 seconds. Added 1 classes and 2 folders.
[2019.01.05-19.08.02:776][  0]LogSlate: Took 0.000126 seconds to synchronously load lazily loaded font '../../../Engine/Content/Slate/Fonts/Roboto-Regular.ttf' (155K)
[2019.01.05-19.08.02:782][  0]LogSlate: Took 0.000138 seconds to synchronously load lazily loaded font '../../../Engine/Content/Slate/Fonts/Roboto-Bold.ttf' (160K)
[2019.01.05-19.08.02:790][  0]LogSlate: Took 0.000152 seconds to synchronously load lazily loaded font '../../../Engine/Content/Editor/Slate/Fonts/FontAwesome.ttf' (139K)
[2019.01.05-19.08.03:085][  0]LogRenderer: Reallocating scene render targets to support 1156x560 Format 10 NumSamples 1 (Frame:1).
[2019.01.05-19.08.03:275][  0]LogContentBrowser: Native class hierarchy updated for 'HierarchicalLODOutliner' in 0.0004 seconds. Added 0 classes and 0 folders.
[2019.01.05-19.08.03:276][  0]LogLoad: (Engine Initialization) Total time: 13.41 seconds
[2019.01.05-19.08.03:276][  0]LogLoad: (Engine Initialization) Total Blueprint compile time: 0.00 seconds
[2019.01.05-19.08.03:361][  0]LogContentStreaming: Texture pool size now 1000 MB
[2019.01.05-19.08.03:402][  0]LogSlate: Took 0.000131 seconds to synchronously load lazily loaded font '../../../Engine/Content/Slate/Fonts/Roboto-Light.ttf' (167K)
[2019.01.05-19.08.03:559][  3]LogAssetRegistry: Asset discovery search completed in 9.0748 seconds
[2019.01.05-19.08.03:562][  3]LogCollectionManager: Rebuilt the object cache for 0 collections in 0.000001 seconds (found 0 objects)
[2019.01.05-19.08.03:562][  3]LogCollectionManager: Fixed up redirectors for 0 collections in 0.000073 seconds (updated 0 objects)
[2019.01.05-19.08.04:522][ 78]LogSlate: Took 0.000229 seconds to synchronously load lazily loaded font '../../../Engine/Content/Slate/Fonts/Roboto-Light.ttf' (167K)
[2019.01.05-19.08.05:351][145]LogSlate: FSceneViewport::OnFocusLost() reason 2
[2019.01.05-19.08.20:887][990]LogAssetEditorManager: Opening Asset editor for Blueprint /Game/_Temp/Gannon/BP_HealthPickUp.BP_HealthPickUp
[2019.01.05-19.08.21:665][990]LogContentBrowser: Native class hierarchy updated for 'BlueprintGraph' in 0.0009 seconds. Added 117 classes and 0 folders.
[2019.01.05-19.08.23:063][990]LogSlate: Took 0.000137 seconds to synchronously load lazily loaded font '../../../Engine/Content/Slate/Fonts/Roboto-BoldCondensed.ttf' (158K)
[2019.01.05-19.08.23:118][991]LogSlate: Took 0.000253 seconds to synchronously load lazily loaded font '../../../Engine/Content/Slate/Fonts/Roboto-Italic.ttf' (157K)
[2019.01.05-19.10.08:637][772]LogSlate: FSceneViewport::OnFocusLost() reason 0
[2019.01.05-19.10.19:583][ 58]LogAssetEditorManager: Opening Asset editor for Blueprint /Game/_Temp/Gannon/BP_HealthPickUp.BP_HealthPickUp
[2019.01.05-19.10.28:169][996]LogAssetEditorManager: Opening Asset editor for Blueprint /Game/_Temp/Gannon/BP_HealthPickUp.BP_HealthPickUp
[2019.01.05-19.10.35:120][697]SourceControl: fatal: D:/Program Files/UE_4.21/Engine/Content/EngineSky: 'D:/Program Files/UE_4.21/Engine/Content/EngineSky' is outside repository
[2019.01.05-19.10.35:120][697]SourceControl: fatal: D:/Program Files/UE_4.21/Engine/Content/EngineMaterials: 'D:/Program Files/UE_4.21/Engine/Content/EngineMaterials' is outside repository
[2019.01.05-19.10.35:120][697]SourceControl: fatal: D:/Program Files/UE_4.21/Engine/Content/EditorBlueprintResources/StandardMacros.uasset: 'D:/Program Files/UE_4.21/Engine/Content/EditorBlueprintResources/StandardMacros.uasset' is outside repository
[2019.01.05-19.10.35:120][697]SourceControl: fatal: D:/Program Files/UE_4.21/Engine/Content/EngineFonts/RobotoDistanceField.uasset: 'D:/Program Files/UE_4.21/Engine/Content/EngineFonts/RobotoDistanceField.uasset' is outside repository
[2019.01.05-19.10.35:120][697]SourceControl: fatal: D:/Program Files/UE_4.21/Engine/Content/Functions/Engine_MaterialFunctions03/Procedurals/ComputeFilterWidth.uasset: 'D:/Program Files/UE_4.21/Engine/Content/Functions/Engine_MaterialFunctions03/Procedurals/ComputeFilterWidth.uasset' is outside repository
[2019.01.05-19.10.35:120][697]SourceControl: fatal: D:/Program Files/UE_4.21/Engine/Content/Functions/Engine_MaterialFunctions01/Opacity/CameraDepthFade.uasset: 'D:/Program Files/UE_4.21/Engine/Content/Functions/Engine_MaterialFunctions01/Opacity/CameraDepthFade.uasset' is outside repository
[2019.01.05-19.10.35:120][697]SourceControl: fatal: D:/Program Files/UE_4.21/Engine/Content/Functions/Engine_MaterialFunctions02/Utility/BlendAngleCorrectedNormals.uasset: 'D:/Program Files/UE_4.21/Engine/Content/Functions/Engine_MaterialFunctions02/Utility/BlendAngleCorrectedNormals.uasset' is outside repository
[2019.01.05-19.10.35:120][697]SourceControl: fatal: D:/Program Files/UE_4.21/Engine/Content/Functions/MaterialLayerFunctions: 'D:/Program Files/UE_4.21/Engine/Content/Functions/MaterialLayerFunctions' is outside repository
[2019.01.05-19.10.35:247][697]SourceControl: Error: error: cannot pull with rebase: You have unstaged changes.
[2019.01.05-19.10.35:247][697]SourceControl: Error: error: please commit or stash them.
[2019.01.05-19.10.35:248][697]LogContentBrowser: Syncing 1 path(s):
[2019.01.05-19.10.35:249][697]LogContentBrowser: 	 - /Game/_Temp/Gannon/Materials/M_PickupMaterial
[2019.01.05-19.10.35:249][697]LogContentBrowser: 	 - /Game/_Temp/Gannon/BP_HealthPickUp
[2019.01.05-19.10.35:249][697]LogContentBrowser: 	 - /Game/_Temp/Gannon/Levels/L_GannonTest_Map
[2019.01.05-19.10.35:249][697]LightingResults: New page: Lighting Build
[2019.01.05-19.10.35:250][697]MapCheck: New page: Map Check
[2019.01.05-19.10.35:250][697]LightingResults: New page: Lighting Build
[2019.01.05-19.10.35:293][697]LogAIModule: Creating AISystem for world Untitled
[2019.01.05-19.10.35:395][697]LoadErrors: New page: New Map
[2019.01.05-19.10.35:398][697]LogUObjectGlobals: Reloading 2 Package(s):
	Asset Name: /Game/_Temp/Gannon/Materials/M_PickupMaterial
	Asset Name: /Game/_Temp/Gannon/BP_HealthPickUp
[2019.01.05-19.10.35:472][697]LogUObjectGlobals: Display: ReloadPackage failed to find a replacement object for 'BP_HealthPickUp_C:PickUpRadius_GEN_VARIABLE.BodySetup_0' (transient) in the new package '/Game/_Temp/Gannon/BP_HealthPickUp'. Any existing references to this object will be nulled out.
[2019.01.05-19.10.35:971][697]LogAIModule: Creating AISystem for world L_GannonTest_Map
[2019.01.05-19.10.35:986][697]LogAssetEditorManager: Opening Asset editor for World /Game/_Temp/Gannon/Levels/L_GannonTest_Map.L_GannonTest_Map
[2019.01.05-19.10.36:035][697]Cmd: MAP LOAD FILE="../../../../../Dropbox/UE4_Personal_Projects/NoodleCart/jan_project/SlimeGame/Content/_Temp/Gannon/Levels/L_GannonTest_Map.umap" TEMPLATE=0 SHOWPROGRESS=1 FEATURELEVEL=3
[2019.01.05-19.10.36:035][697]LightingResults: New page: Lighting Build
[2019.01.05-19.10.36:036][697]LoadErrors: New page: Loading map: L_GannonTest_Map.umap
[2019.01.05-19.10.36:036][697]MapCheck: New page: Map Check
[2019.01.05-19.10.36:037][697]LightingResults: New page: Lighting Build
[2019.01.05-19.10.36:192][697]LogEditorServer: Finished looking for orphan Actors (0.000 secs)
[2019.01.05-19.10.36:250][697]Cmd: MAP CHECKDEP NOCLEARLOG
[2019.01.05-19.10.36:250][697]MapCheck: Map check complete: 0 Error(s), 0 Warning(s), took 0.112ms to complete.
[2019.01.05-19.10.36:250][697]LogFileHelpers: Loading map 'L_GannonTest_Map' took 0.217
[2019.01.05-19.10.40:050][136]LogAssetEditorManager: Opening Asset editor for Blueprint /Game/_Temp/Gannon/BP_HealthPickUp.BP_HealthPickUp
[2019.01.05-19.11.16:816][213]LogSlate: Window 'Source Control Login' being destroyed
[2019.01.05-19.11.37:735][  9]SourceControl: fatal: D:/Program Files/UE_4.21/Engine/Content: 'D:/Program Files/UE_4.21/Engine/Content' is outside repository
[2019.01.05-19.11.37:856][  9]EditorErrors: Warning: No assets to check in!
[2019.01.05-19.11.47:695][363]SourceControl: fatal: D:/Program Files/UE_4.21/Engine/Content/EngineSky: 'D:/Program Files/UE_4.21/Engine/Content/EngineSky' is outside repository
[2019.01.05-19.11.47:695][363]SourceControl: fatal: D:/Program Files/UE_4.21/Engine/Content/EngineMaterials: 'D:/Program Files/UE_4.21/Engine/Content/EngineMaterials' is outside repository
[2019.01.05-19.11.47:695][363]SourceControl: fatal: D:/Program Files/UE_4.21/Engine/Content/EditorBlueprintResources/StandardMacros.uasset: 'D:/Program Files/UE_4.21/Engine/Content/EditorBlueprintResources/StandardMacros.uasset' is outside repository
[2019.01.05-19.11.47:695][363]SourceControl: fatal: D:/Program Files/UE_4.21/Engine/Content/EngineFonts/RobotoDistanceField.uasset: 'D:/Program Files/UE_4.21/Engine/Content/EngineFonts/RobotoDistanceField.uasset' is outside repository
[2019.01.05-19.11.47:695][363]SourceControl: fatal: D:/Program Files/UE_4.21/Engine/Content/Functions/Engine_MaterialFunctions03/Procedurals/ComputeFilterWidth.uasset: 'D:/Program Files/UE_4.21/Engine/Content/Functions/Engine_MaterialFunctions03/Procedurals/ComputeFilterWidth.uasset' is outside repository
[2019.01.05-19.11.47:695][363]SourceControl: fatal: D:/Program Files/UE_4.21/Engine/Content/Functions/Engine_MaterialFunctions01/Opacity/CameraDepthFade.uasset: 'D:/Program Files/UE_4.21/Engine/Content/Functions/Engine_MaterialFunctions01/Opacity/CameraDepthFade.uasset' is outside repository
[2019.01.05-19.11.47:695][363]SourceControl: fatal: D:/Program Files/UE_4.21/Engine/Content/Functions/Engine_MaterialFunctions02/Utility/BlendAngleCorrectedNormals.uasset: 'D:/Program Files/UE_4.21/Engine/Content/Functions/Engine_MaterialFunctions02/Utility/BlendAngleCorrectedNormals.uasset' is outside repository
[2019.01.05-19.11.47:695][363]SourceControl: fatal: D:/Program Files/UE_4.21/Engine/Content/Functions/MaterialLayerFunctions: 'D:/Program Files/UE_4.21/Engine/Content/Functions/MaterialLayerFunctions' is outside repository
[2019.01.05-19.11.47:834][363]SourceControl: Error: error: cannot pull with rebase: You have unstaged changes.
[2019.01.05-19.11.47:834][363]SourceControl: Error: error: please commit or stash them.
[2019.01.05-19.11.47:836][363]LogContentBrowser: Syncing 1 path(s):
[2019.01.05-19.11.47:836][363]LogContentBrowser: 	 - /Game/_Temp/Gannon/Materials/M_PickupMaterial
[2019.01.05-19.11.47:836][363]LogContentBrowser: 	 - /Game/_Temp/Gannon/BP_HealthPickUp
[2019.01.05-19.11.47:836][363]LogContentBrowser: 	 - /Game/_Temp/Gannon/Levels/L_GannonTest_Map
[2019.01.05-19.11.47:837][363]LightingResults: New page: Lighting Build
[2019.01.05-19.11.47:838][363]MapCheck: New page: Map Check
[2019.01.05-19.11.47:838][363]LightingResults: New page: Lighting Build
[2019.01.05-19.11.47:874][363]LogAIModule: Creating AISystem for world Untitled
[2019.01.05-19.11.47:984][363]LoadErrors: New page: New Map
[2019.01.05-19.11.47:988][363]LogUObjectGlobals: Reloading 2 Package(s):
	Asset Name: /Game/_Temp/Gannon/Materials/M_PickupMaterial
	Asset Name: /Game/_Temp/Gannon/BP_HealthPickUp
[2019.01.05-19.11.48:173][363]LogUObjectGlobals: Display: ReloadPackage failed to find a replacement object for 'BP_HealthPickUp_C:PickUpRadius_GEN_VARIABLE.BodySetup_0' (transient) in the new package '/Game/_Temp/Gannon/BP_HealthPickUp'. Any existing references to this object will be nulled out.
[2019.01.05-19.11.48:178][363]LogActorComponent: UnregisterComponent: (/Engine/Transient.DirectionalLightComponent_9) Not registered. Aborting.
[2019.01.05-19.11.48:178][363]LogActorComponent: UnregisterComponent: (/Engine/Transient.SkyLightComponent_5) Not registered. Aborting.
[2019.01.05-19.11.48:178][363]LogActorComponent: UnregisterComponent: (/Engine/Transient.LineBatchComponent_35) Not registered. Aborting.
[2019.01.05-19.11.48:178][363]LogActorComponent: UnregisterComponent: (/Engine/Transient.EditorFloorComp) Not registered. Aborting.
[2019.01.05-19.11.48:805][363]LogAssetEditorManager: Opening Asset editor for Blueprint /Game/_Temp/Gannon/BP_HealthPickUp.BP_HealthPickUp
[2019.01.05-19.11.49:383][363]LogAIModule: Creating AISystem for world L_GannonTest_Map
[2019.01.05-19.11.49:402][363]LogAssetEditorManager: Opening Asset editor for World /Game/_Temp/Gannon/Levels/L_GannonTest_Map.L_GannonTest_Map
[2019.01.05-19.11.49:450][363]Cmd: MAP LOAD FILE="../../../../../Dropbox/UE4_Personal_Projects/NoodleCart/jan_project/SlimeGame/Content/_Temp/Gannon/Levels/L_GannonTest_Map.umap" TEMPLATE=0 SHOWPROGRESS=1 FEATURELEVEL=3
[2019.01.05-19.11.49:450][363]LightingResults: New page: Lighting Build
[2019.01.05-19.11.49:451][363]LoadErrors: New page: Loading map: L_GannonTest_Map.umap
[2019.01.05-19.11.49:451][363]MapCheck: New page: Map Check
[2019.01.05-19.11.49:451][363]LightingResults: New page: Lighting Build
[2019.01.05-19.11.49:631][363]LogEditorServer: Finished looking for orphan Actors (0.000 secs)
[2019.01.05-19.11.49:701][363]Cmd: MAP CHECKDEP NOCLEARLOG
[2019.01.05-19.11.49:701][363]MapCheck: Map check complete: 0 Error(s), 0 Warning(s), took 0.139ms to complete.
[2019.01.05-19.11.49:702][363]LogFileHelpers: Loading map 'L_GannonTest_Map' took 0.254
[2019.01.05-19.12.04:031][987]SourceControl: Source control is disabled
[2019.01.05-19.12.05:958][ 59]LogSlate: Window 'Source Control Login' being destroyed
[2019.01.05-19.15.01:766][475]LogSlate: Window 'Editor Preferences' being destroyed
[2019.01.05-19.15.01:772][475]LogSlate: Window 'Editor Preferences' being destroyed
